{"C:\\Users\\cheth\\OneDrive\\Desktop\\Finance\\Transactions\\src\\App.tsx": {"path":"C:\\Users\\cheth\\OneDrive\\Desktop\\Finance\\Transactions\\src\\App.tsx","statementMap":{"0":{"start":{"line":10,"column":22},"end":{"line":74,"column":1}},"1":{"start":{"line":11,"column":54},"end":{"line":11,"column":69}},"2":{"start":{"line":12,"column":44},"end":{"line":12,"column":59}},"3":{"start":{"line":13,"column":32},"end":{"line":13,"column":43}},"4":{"start":{"line":15,"column":23},"end":{"line":17,"column":3}},"5":{"start":{"line":16,"column":4},"end":{"line":16,"column":35}},"6":{"start":{"line":16,"column":25},"end":{"line":16,"column":33}},"7":{"start":{"line":18,"column":35},"end":{"line":18,"column":68}},"8":{"start":{"line":18,"column":41},"end":{"line":18,"column":68}},"9":{"start":{"line":19,"column":36},"end":{"line":19,"column":70}},"10":{"start":{"line":19,"column":42},"end":{"line":19,"column":70}},"11":{"start":{"line":20,"column":30},"end":{"line":20,"column":58}},"12":{"start":{"line":20,"column":36},"end":{"line":20,"column":58}},"13":{"start":{"line":21,"column":31},"end":{"line":21,"column":60}},"14":{"start":{"line":21,"column":37},"end":{"line":21,"column":60}},"15":{"start":{"line":23,"column":2},"end":{"line":73,"column":4}}},"fnMap":{"0":{"name":"(anonymous_0)","decl":{"start":{"line":10,"column":22},"end":{"line":10,"column":23}},"loc":{"start":{"line":10,"column":28},"end":{"line":74,"column":1}},"line":10},"1":{"name":"(anonymous_1)","decl":{"start":{"line":15,"column":23},"end":{"line":15,"column":24}},"loc":{"start":{"line":15,"column":29},"end":{"line":17,"column":3}},"line":15},"2":{"name":"(anonymous_2)","decl":{"start":{"line":16,"column":15},"end":{"line":16,"column":16}},"loc":{"start":{"line":16,"column":25},"end":{"line":16,"column":33}},"line":16},"3":{"name":"(anonymous_3)","decl":{"start":{"line":18,"column":35},"end":{"line":18,"column":36}},"loc":{"start":{"line":18,"column":41},"end":{"line":18,"column":68}},"line":18},"4":{"name":"(anonymous_4)","decl":{"start":{"line":19,"column":36},"end":{"line":19,"column":37}},"loc":{"start":{"line":19,"column":42},"end":{"line":19,"column":70}},"line":19},"5":{"name":"(anonymous_5)","decl":{"start":{"line":20,"column":30},"end":{"line":20,"column":31}},"loc":{"start":{"line":20,"column":36},"end":{"line":20,"column":58}},"line":20},"6":{"name":"(anonymous_6)","decl":{"start":{"line":21,"column":31},"end":{"line":21,"column":32}},"loc":{"start":{"line":21,"column":37},"end":{"line":21,"column":60}},"line":21}},"branchMap":{},"s":{"0":1,"1":11,"2":11,"3":11,"4":11,"5":0,"6":0,"7":11,"8":2,"9":11,"10":1,"11":11,"12":2,"13":11,"14":1,"15":11},"f":{"0":11,"1":0,"2":0,"3":2,"4":1,"5":2,"6":1},"b":{},"_coverageSchema":"1a1c01bbd47fc00a2c39e90264f33305004495a9","hash":"f33a0eb8bf532eea7ff35e5fd8b9ee1ecbcada44"}
,"C:\\Users\\cheth\\OneDrive\\Desktop\\Finance\\Transactions\\src\\components\\AddTransaction.tsx": {"path":"C:\\Users\\cheth\\OneDrive\\Desktop\\Finance\\Transactions\\src\\components\\AddTransaction.tsx","statementMap":{"0":{"start":{"line":11,"column":54},"end":{"line":128,"column":1}},"1":{"start":{"line":12,"column":26},"end":{"line":12,"column":38}},"2":{"start":{"line":13,"column":40},"end":{"line":13,"column":52}},"3":{"start":{"line":14,"column":30},"end":{"line":14,"column":42}},"4":{"start":{"line":15,"column":34},"end":{"line":15,"column":46}},"5":{"start":{"line":16,"column":28},"end":{"line":16,"column":40}},"6":{"start":{"line":17,"column":32},"end":{"line":17,"column":44}},"7":{"start":{"line":18,"column":32},"end":{"line":18,"column":47}},"8":{"start":{"line":19,"column":16},"end":{"line":19,"column":54}},"9":{"start":{"line":20,"column":23},"end":{"line":66,"column":3}},"10":{"start":{"line":21,"column":4},"end":{"line":21,"column":23}},"11":{"start":{"line":22,"column":4},"end":{"line":22,"column":17}},"12":{"start":{"line":23,"column":4},"end":{"line":23,"column":19}},"13":{"start":{"line":24,"column":4},"end":{"line":24,"column":21}},"14":{"start":{"line":25,"column":4},"end":{"line":29,"column":5}},"15":{"start":{"line":26,"column":6},"end":{"line":26,"column":42}},"16":{"start":{"line":27,"column":6},"end":{"line":27,"column":24}},"17":{"start":{"line":28,"column":6},"end":{"line":28,"column":13}},"18":{"start":{"line":30,"column":4},"end":{"line":34,"column":5}},"19":{"start":{"line":31,"column":6},"end":{"line":31,"column":51}},"20":{"start":{"line":32,"column":6},"end":{"line":32,"column":24}},"21":{"start":{"line":33,"column":6},"end":{"line":33,"column":13}},"22":{"start":{"line":35,"column":4},"end":{"line":39,"column":5}},"23":{"start":{"line":36,"column":6},"end":{"line":36,"column":57}},"24":{"start":{"line":37,"column":6},"end":{"line":37,"column":24}},"25":{"start":{"line":38,"column":6},"end":{"line":38,"column":13}},"26":{"start":{"line":40,"column":4},"end":{"line":65,"column":5}},"27":{"start":{"line":41,"column":6},"end":{"line":46,"column":9}},"28":{"start":{"line":47,"column":6},"end":{"line":47,"column":51}},"29":{"start":{"line":48,"column":6},"end":{"line":48,"column":14}},"30":{"start":{"line":49,"column":6},"end":{"line":52,"column":15}},"31":{"start":{"line":50,"column":8},"end":{"line":50,"column":26}},"32":{"start":{"line":51,"column":8},"end":{"line":51,"column":18}},"33":{"start":{"line":54,"column":6},"end":{"line":62,"column":7}},"34":{"start":{"line":55,"column":8},"end":{"line":59,"column":9}},"35":{"start":{"line":56,"column":10},"end":{"line":56,"column":49}},"36":{"start":{"line":58,"column":10},"end":{"line":58,"column":47}},"37":{"start":{"line":61,"column":8},"end":{"line":61,"column":43}},"38":{"start":{"line":64,"column":6},"end":{"line":64,"column":24}},"39":{"start":{"line":68,"column":2},"end":{"line":127,"column":4}},"40":{"start":{"line":81,"column":31},"end":{"line":81,"column":54}},"41":{"start":{"line":95,"column":33},"end":{"line":95,"column":63}},"42":{"start":{"line":103,"column":33},"end":{"line":103,"column":58}},"43":{"start":{"line":111,"column":31},"end":{"line":111,"column":58}}},"fnMap":{"0":{"name":"(anonymous_0)","decl":{"start":{"line":11,"column":54},"end":{"line":11,"column":55}},"loc":{"start":{"line":11,"column":78},"end":{"line":128,"column":1}},"line":11},"1":{"name":"(anonymous_1)","decl":{"start":{"line":20,"column":23},"end":{"line":20,"column":24}},"loc":{"start":{"line":20,"column":53},"end":{"line":66,"column":3}},"line":20},"2":{"name":"(anonymous_2)","decl":{"start":{"line":49,"column":17},"end":{"line":49,"column":18}},"loc":{"start":{"line":49,"column":23},"end":{"line":52,"column":7}},"line":49},"3":{"name":"(anonymous_3)","decl":{"start":{"line":81,"column":24},"end":{"line":81,"column":25}},"loc":{"start":{"line":81,"column":31},"end":{"line":81,"column":54}},"line":81},"4":{"name":"(anonymous_4)","decl":{"start":{"line":95,"column":26},"end":{"line":95,"column":27}},"loc":{"start":{"line":95,"column":33},"end":{"line":95,"column":63}},"line":95},"5":{"name":"(anonymous_5)","decl":{"start":{"line":103,"column":26},"end":{"line":103,"column":27}},"loc":{"start":{"line":103,"column":33},"end":{"line":103,"column":58}},"line":103},"6":{"name":"(anonymous_6)","decl":{"start":{"line":111,"column":24},"end":{"line":111,"column":25}},"loc":{"start":{"line":111,"column":31},"end":{"line":111,"column":58}},"line":111}},"branchMap":{"0":{"loc":{"start":{"line":25,"column":4},"end":{"line":29,"column":5}},"type":"if","locations":[{"start":{"line":25,"column":4},"end":{"line":29,"column":5}},{"start":{},"end":{}}],"line":25},"1":{"loc":{"start":{"line":25,"column":8},"end":{"line":25,"column":53}},"type":"binary-expr","locations":[{"start":{"line":25,"column":8},"end":{"line":25,"column":13}},{"start":{"line":25,"column":17},"end":{"line":25,"column":29}},{"start":{"line":25,"column":33},"end":{"line":25,"column":40}},{"start":{"line":25,"column":44},"end":{"line":25,"column":53}}],"line":25},"2":{"loc":{"start":{"line":30,"column":4},"end":{"line":34,"column":5}},"type":"if","locations":[{"start":{"line":30,"column":4},"end":{"line":34,"column":5}},{"start":{},"end":{}}],"line":30},"3":{"loc":{"start":{"line":35,"column":4},"end":{"line":39,"column":5}},"type":"if","locations":[{"start":{"line":35,"column":4},"end":{"line":39,"column":5}},{"start":{},"end":{}}],"line":35},"4":{"loc":{"start":{"line":54,"column":6},"end":{"line":62,"column":7}},"type":"if","locations":[{"start":{"line":54,"column":6},"end":{"line":62,"column":7}},{"start":{"line":60,"column":13},"end":{"line":62,"column":7}}],"line":54},"5":{"loc":{"start":{"line":55,"column":8},"end":{"line":59,"column":9}},"type":"if","locations":[{"start":{"line":55,"column":8},"end":{"line":59,"column":9}},{"start":{"line":57,"column":15},"end":{"line":59,"column":9}}],"line":55},"6":{"loc":{"start":{"line":55,"column":12},"end":{"line":55,"column":107}},"type":"binary-expr","locations":[{"start":{"line":55,"column":12},"end":{"line":55,"column":24}},{"start":{"line":55,"column":28},"end":{"line":55,"column":45}},{"start":{"line":55,"column":49},"end":{"line":55,"column":107}}],"line":55},"7":{"loc":{"start":{"line":72,"column":9},"end":{"line":72,"column":40}},"type":"binary-expr","locations":[{"start":{"line":72,"column":9},"end":{"line":72,"column":16}},{"start":{"line":72,"column":20},"end":{"line":72,"column":40}}],"line":72},"8":{"loc":{"start":{"line":73,"column":9},"end":{"line":73,"column":57}},"type":"binary-expr","locations":[{"start":{"line":73,"column":9},"end":{"line":73,"column":14}},{"start":{"line":73,"column":18},"end":{"line":73,"column":57}}],"line":73},"9":{"loc":{"start":{"line":74,"column":9},"end":{"line":74,"column":63}},"type":"binary-expr","locations":[{"start":{"line":74,"column":9},"end":{"line":74,"column":16}},{"start":{"line":74,"column":20},"end":{"line":74,"column":63}}],"line":74},"10":{"loc":{"start":{"line":75,"column":9},"end":{"line":124,"column":9}},"type":"binary-expr","locations":[{"start":{"line":75,"column":9},"end":{"line":75,"column":17}},{"start":{"line":75,"column":21},"end":{"line":75,"column":29}},{"start":{"line":76,"column":10},"end":{"line":123,"column":17}}],"line":75}},"s":{"0":1,"1":30,"2":30,"3":30,"4":30,"5":30,"6":30,"7":30,"8":30,"9":30,"10":5,"11":5,"12":5,"13":5,"14":5,"15":1,"16":1,"17":1,"18":4,"19":1,"20":1,"21":1,"22":3,"23":1,"24":1,"25":1,"26":2,"27":2,"28":1,"29":1,"30":1,"31":1,"32":1,"33":1,"34":0,"35":0,"36":0,"37":1,"38":2,"39":30,"40":4,"41":4,"42":4,"43":4},"f":{"0":30,"1":5,"2":1,"3":4,"4":4,"5":4,"6":4},"b":{"0":[1,4],"1":[5,4,4,4],"2":[1,3],"3":[1,2],"4":[0,1],"5":[0,0],"6":[0,0,0],"7":[30,2],"8":[30,4],"9":[30,1],"10":[30,28,27]},"_coverageSchema":"1a1c01bbd47fc00a2c39e90264f33305004495a9","hash":"f24fec01498c69c03617fd40c01aafd19faa3997"}
,"C:\\Users\\cheth\\OneDrive\\Desktop\\Finance\\Transactions\\src\\components\\UploadCSV.tsx": {"path":"C:\\Users\\cheth\\OneDrive\\Desktop\\Finance\\Transactions\\src\\components\\UploadCSV.tsx","statementMap":{"0":{"start":{"line":15,"column":44},"end":{"line":118,"column":1}},"1":{"start":{"line":16,"column":26},"end":{"line":16,"column":53}},"2":{"start":{"line":17,"column":28},"end":{"line":17,"column":40}},"3":{"start":{"line":18,"column":32},"end":{"line":18,"column":47}},"4":{"start":{"line":20,"column":27},"end":{"line":24,"column":3}},"5":{"start":{"line":21,"column":4},"end":{"line":23,"column":5}},"6":{"start":{"line":22,"column":6},"end":{"line":22,"column":33}},"7":{"start":{"line":26,"column":26},"end":{"line":33,"column":3}},"8":{"start":{"line":27,"column":4},"end":{"line":32,"column":7}},"9":{"start":{"line":28,"column":21},"end":{"line":28,"column":37}},"10":{"start":{"line":29,"column":6},"end":{"line":29,"column":61}},"11":{"start":{"line":29,"column":28},"end":{"line":29,"column":60}},"12":{"start":{"line":30,"column":6},"end":{"line":30,"column":50}},"13":{"start":{"line":30,"column":29},"end":{"line":30,"column":49}},"14":{"start":{"line":31,"column":6},"end":{"line":31,"column":30}},"15":{"start":{"line":35,"column":23},"end":{"line":78,"column":3}},"16":{"start":{"line":36,"column":4},"end":{"line":36,"column":23}},"17":{"start":{"line":37,"column":4},"end":{"line":37,"column":17}},"18":{"start":{"line":38,"column":4},"end":{"line":38,"column":21}},"19":{"start":{"line":40,"column":22},"end":{"line":40,"column":40}},"20":{"start":{"line":41,"column":4},"end":{"line":46,"column":5}},"21":{"start":{"line":42,"column":6},"end":{"line":42,"column":26}},"22":{"start":{"line":43,"column":6},"end":{"line":43,"column":24}},"23":{"start":{"line":44,"column":6},"end":{"line":44,"column":50}},"24":{"start":{"line":45,"column":6},"end":{"line":45,"column":13}},"25":{"start":{"line":47,"column":4},"end":{"line":77,"column":5}},"26":{"start":{"line":48,"column":26},"end":{"line":48,"column":54}},"27":{"start":{"line":49,"column":6},"end":{"line":54,"column":7}},"28":{"start":{"line":50,"column":8},"end":{"line":50,"column":47}},"29":{"start":{"line":51,"column":8},"end":{"line":51,"column":26}},"30":{"start":{"line":52,"column":8},"end":{"line":52,"column":71}},"31":{"start":{"line":53,"column":6},"end":{"line":53,"column":13}},"32":{"start":{"line":55,"column":30},"end":{"line":55,"column":52}},"33":{"start":{"line":56,"column":6},"end":{"line":56,"column":24}},"34":{"start":{"line":57,"column":6},"end":{"line":71,"column":7}},"35":{"start":{"line":58,"column":8},"end":{"line":58,"column":24}},"36":{"start":{"line":59,"column":8},"end":{"line":59,"column":48}},"37":{"start":{"line":61,"column":8},"end":{"line":61,"column":19}},"38":{"start":{"line":62,"column":8},"end":{"line":67,"column":9}},"39":{"start":{"line":63,"column":10},"end":{"line":63,"column":56}},"40":{"start":{"line":64,"column":10},"end":{"line":64,"column":48}},"41":{"start":{"line":66,"column":10},"end":{"line":66,"column":80}},"42":{"start":{"line":68,"column":8},"end":{"line":70,"column":17}},"43":{"start":{"line":69,"column":10},"end":{"line":69,"column":20}},"44":{"start":{"line":73,"column":6},"end":{"line":73,"column":29}},"45":{"start":{"line":74,"column":6},"end":{"line":74,"column":41}},"46":{"start":{"line":75,"column":6},"end":{"line":75,"column":24}},"47":{"start":{"line":76,"column":6},"end":{"line":76,"column":65}},"48":{"start":{"line":80,"column":30},"end":{"line":89,"column":3}},"49":{"start":{"line":81,"column":17},"end":{"line":81,"column":95}},"50":{"start":{"line":82,"column":16},"end":{"line":82,"column":48}},"51":{"start":{"line":83,"column":14},"end":{"line":83,"column":41}},"52":{"start":{"line":84,"column":4},"end":{"line":84,"column":17}},"53":{"start":{"line":85,"column":4},"end":{"line":85,"column":37}},"54":{"start":{"line":86,"column":4},"end":{"line":86,"column":33}},"55":{"start":{"line":87,"column":4},"end":{"line":87,"column":14}},"56":{"start":{"line":88,"column":4},"end":{"line":88,"column":15}},"57":{"start":{"line":91,"column":2},"end":{"line":117,"column":4}}},"fnMap":{"0":{"name":"(anonymous_0)","decl":{"start":{"line":15,"column":44},"end":{"line":15,"column":45}},"loc":{"start":{"line":15,"column":71},"end":{"line":118,"column":1}},"line":15},"1":{"name":"(anonymous_1)","decl":{"start":{"line":20,"column":27},"end":{"line":20,"column":28}},"loc":{"start":{"line":20,"column":71},"end":{"line":24,"column":3}},"line":20},"2":{"name":"(anonymous_2)","decl":{"start":{"line":26,"column":26},"end":{"line":26,"column":27}},"loc":{"start":{"line":26,"column":59},"end":{"line":33,"column":3}},"line":26},"3":{"name":"(anonymous_3)","decl":{"start":{"line":27,"column":23},"end":{"line":27,"column":24}},"loc":{"start":{"line":27,"column":44},"end":{"line":32,"column":5}},"line":27},"4":{"name":"(anonymous_4)","decl":{"start":{"line":29,"column":22},"end":{"line":29,"column":23}},"loc":{"start":{"line":29,"column":28},"end":{"line":29,"column":60}},"line":29},"5":{"name":"(anonymous_5)","decl":{"start":{"line":30,"column":23},"end":{"line":30,"column":24}},"loc":{"start":{"line":30,"column":29},"end":{"line":30,"column":49}},"line":30},"6":{"name":"(anonymous_6)","decl":{"start":{"line":35,"column":23},"end":{"line":35,"column":24}},"loc":{"start":{"line":35,"column":53},"end":{"line":78,"column":3}},"line":35},"7":{"name":"(anonymous_7)","decl":{"start":{"line":68,"column":19},"end":{"line":68,"column":20}},"loc":{"start":{"line":68,"column":25},"end":{"line":70,"column":9}},"line":68},"8":{"name":"(anonymous_8)","decl":{"start":{"line":80,"column":30},"end":{"line":80,"column":31}},"loc":{"start":{"line":80,"column":54},"end":{"line":89,"column":3}},"line":80}},"branchMap":{"0":{"loc":{"start":{"line":21,"column":4},"end":{"line":23,"column":5}},"type":"if","locations":[{"start":{"line":21,"column":4},"end":{"line":23,"column":5}},{"start":{},"end":{}}],"line":21},"1":{"loc":{"start":{"line":21,"column":8},"end":{"line":21,"column":43}},"type":"binary-expr","locations":[{"start":{"line":21,"column":8},"end":{"line":21,"column":22}},{"start":{"line":21,"column":26},"end":{"line":21,"column":43}}],"line":21},"2":{"loc":{"start":{"line":41,"column":4},"end":{"line":46,"column":5}},"type":"if","locations":[{"start":{"line":41,"column":4},"end":{"line":46,"column":5}},{"start":{},"end":{}}],"line":41},"3":{"loc":{"start":{"line":49,"column":6},"end":{"line":54,"column":7}},"type":"if","locations":[{"start":{"line":49,"column":6},"end":{"line":54,"column":7}},{"start":{},"end":{}}],"line":49},"4":{"loc":{"start":{"line":57,"column":6},"end":{"line":71,"column":7}},"type":"if","locations":[{"start":{"line":57,"column":6},"end":{"line":71,"column":7}},{"start":{"line":60,"column":13},"end":{"line":71,"column":7}}],"line":57},"5":{"loc":{"start":{"line":62,"column":8},"end":{"line":67,"column":9}},"type":"if","locations":[{"start":{"line":62,"column":8},"end":{"line":67,"column":9}},{"start":{"line":65,"column":15},"end":{"line":67,"column":9}}],"line":62},"6":{"loc":{"start":{"line":96,"column":11},"end":{"line":96,"column":42}},"type":"binary-expr","locations":[{"start":{"line":96,"column":11},"end":{"line":96,"column":18}},{"start":{"line":96,"column":22},"end":{"line":96,"column":42}}],"line":96},"7":{"loc":{"start":{"line":97,"column":11},"end":{"line":97,"column":59}},"type":"binary-expr","locations":[{"start":{"line":97,"column":11},"end":{"line":97,"column":16}},{"start":{"line":97,"column":20},"end":{"line":97,"column":59}}],"line":97},"8":{"loc":{"start":{"line":98,"column":11},"end":{"line":112,"column":11}},"type":"binary-expr","locations":[{"start":{"line":98,"column":11},"end":{"line":98,"column":19}},{"start":{"line":99,"column":12},"end":{"line":111,"column":19}}],"line":98}},"s":{"0":1,"1":10,"2":10,"3":10,"4":10,"5":3,"6":3,"7":10,"8":1,"9":1,"10":1,"11":1,"12":1,"13":0,"14":1,"15":10,"16":2,"17":2,"18":2,"19":2,"20":2,"21":1,"22":1,"23":1,"24":1,"25":1,"26":1,"27":1,"28":0,"29":0,"30":0,"31":0,"32":1,"33":1,"34":1,"35":1,"36":1,"37":0,"38":0,"39":0,"40":0,"41":0,"42":0,"43":0,"44":0,"45":0,"46":0,"47":0,"48":10,"49":0,"50":0,"51":0,"52":0,"53":0,"54":0,"55":0,"56":0,"57":10},"f":{"0":10,"1":3,"2":1,"3":1,"4":1,"5":0,"6":2,"7":0,"8":0},"b":{"0":[3,0],"1":[3,3],"2":[1,1],"3":[0,1],"4":[1,0],"5":[0,0],"6":[10,1],"7":[10,2],"8":[10,9]},"_coverageSchema":"1a1c01bbd47fc00a2c39e90264f33305004495a9","hash":"d86bc453f0e49f0c0148ce7edb8d8c0ac5fb5e93"}
,"C:\\Users\\cheth\\OneDrive\\Desktop\\Finance\\Transactions\\src\\utils\\api.ts": {"path":"C:\\Users\\cheth\\OneDrive\\Desktop\\Finance\\Transactions\\src\\utils\\api.ts","statementMap":{"0":{"start":{"line":2,"column":12},"end":{"line":7,"column":2}}},"fnMap":{},"branchMap":{},"s":{"0":2},"f":{},"b":{},"_coverageSchema":"1a1c01bbd47fc00a2c39e90264f33305004495a9","hash":"630dc69821da1bba851ffda3df73860b8c0c51f3"}
,"C:\\Users\\cheth\\OneDrive\\Desktop\\Finance\\Transactions\\src\\utils\\validations.ts": {"path":"C:\\Users\\cheth\\OneDrive\\Desktop\\Finance\\Transactions\\src\\utils\\validations.ts","statementMap":{"0":{"start":{"line":2,"column":28},"end":{"line":21,"column":1}},"1":{"start":{"line":3,"column":2},"end":{"line":5,"column":3}},"2":{"start":{"line":4,"column":4},"end":{"line":4,"column":44}},"3":{"start":{"line":7,"column":2},"end":{"line":9,"column":3}},"4":{"start":{"line":8,"column":4},"end":{"line":8,"column":49}},"5":{"start":{"line":11,"column":2},"end":{"line":13,"column":3}},"6":{"start":{"line":12,"column":4},"end":{"line":12,"column":48}},"7":{"start":{"line":15,"column":21},"end":{"line":15,"column":33}},"8":{"start":{"line":16,"column":2},"end":{"line":18,"column":3}},"9":{"start":{"line":17,"column":4},"end":{"line":17,"column":40}},"10":{"start":{"line":20,"column":2},"end":{"line":20,"column":12}}},"fnMap":{"0":{"name":"(anonymous_0)","decl":{"start":{"line":2,"column":28},"end":{"line":2,"column":29}},"loc":{"start":{"line":2,"column":59},"end":{"line":21,"column":1}},"line":2}},"branchMap":{"0":{"loc":{"start":{"line":3,"column":2},"end":{"line":5,"column":3}},"type":"if","locations":[{"start":{"line":3,"column":2},"end":{"line":5,"column":3}},{"start":{},"end":{}}],"line":3},"1":{"loc":{"start":{"line":7,"column":2},"end":{"line":9,"column":3}},"type":"if","locations":[{"start":{"line":7,"column":2},"end":{"line":9,"column":3}},{"start":{},"end":{}}],"line":7},"2":{"loc":{"start":{"line":11,"column":2},"end":{"line":13,"column":3}},"type":"if","locations":[{"start":{"line":11,"column":2},"end":{"line":13,"column":3}},{"start":{},"end":{}}],"line":11},"3":{"loc":{"start":{"line":16,"column":2},"end":{"line":18,"column":3}},"type":"if","locations":[{"start":{"line":16,"column":2},"end":{"line":18,"column":3}},{"start":{},"end":{}}],"line":16}},"s":{"0":1,"1":5,"2":1,"3":4,"4":1,"5":3,"6":1,"7":2,"8":2,"9":1,"10":1},"f":{"0":5},"b":{"0":[1,4],"1":[1,3],"2":[1,2],"3":[1,1]},"_coverageSchema":"1a1c01bbd47fc00a2c39e90264f33305004495a9","hash":"ef3a148929d367b3dce48c7d5c665ee08466785c"}
}
