{"C:\\Users\\cheth\\OneDrive\\Desktop\\Finance\\Transactions\\src\\App.tsx": {"path":"C:\\Users\\cheth\\OneDrive\\Desktop\\Finance\\Transactions\\src\\App.tsx","statementMap":{"0":{"start":{"line":82,"column":22},"end":{"line":152,"column":1}},"1":{"start":{"line":83,"column":54},"end":{"line":83,"column":69}},"2":{"start":{"line":84,"column":44},"end":{"line":84,"column":59}},"3":{"start":{"line":85,"column":32},"end":{"line":85,"column":43}},"4":{"start":{"line":87,"column":23},"end":{"line":89,"column":3}},"5":{"start":{"line":88,"column":4},"end":{"line":88,"column":35}},"6":{"start":{"line":88,"column":25},"end":{"line":88,"column":33}},"7":{"start":{"line":95,"column":35},"end":{"line":95,"column":68}},"8":{"start":{"line":95,"column":41},"end":{"line":95,"column":68}},"9":{"start":{"line":96,"column":36},"end":{"line":96,"column":70}},"10":{"start":{"line":96,"column":42},"end":{"line":96,"column":70}},"11":{"start":{"line":98,"column":30},"end":{"line":98,"column":58}},"12":{"start":{"line":98,"column":36},"end":{"line":98,"column":58}},"13":{"start":{"line":99,"column":31},"end":{"line":99,"column":60}},"14":{"start":{"line":99,"column":37},"end":{"line":99,"column":60}},"15":{"start":{"line":101,"column":2},"end":{"line":151,"column":4}}},"fnMap":{"0":{"name":"(anonymous_0)","decl":{"start":{"line":82,"column":22},"end":{"line":82,"column":23}},"loc":{"start":{"line":82,"column":28},"end":{"line":152,"column":1}},"line":82},"1":{"name":"(anonymous_1)","decl":{"start":{"line":87,"column":23},"end":{"line":87,"column":24}},"loc":{"start":{"line":87,"column":29},"end":{"line":89,"column":3}},"line":87},"2":{"name":"(anonymous_2)","decl":{"start":{"line":88,"column":15},"end":{"line":88,"column":16}},"loc":{"start":{"line":88,"column":25},"end":{"line":88,"column":33}},"line":88},"3":{"name":"(anonymous_3)","decl":{"start":{"line":95,"column":35},"end":{"line":95,"column":36}},"loc":{"start":{"line":95,"column":41},"end":{"line":95,"column":68}},"line":95},"4":{"name":"(anonymous_4)","decl":{"start":{"line":96,"column":36},"end":{"line":96,"column":37}},"loc":{"start":{"line":96,"column":42},"end":{"line":96,"column":70}},"line":96},"5":{"name":"(anonymous_5)","decl":{"start":{"line":98,"column":30},"end":{"line":98,"column":31}},"loc":{"start":{"line":98,"column":36},"end":{"line":98,"column":58}},"line":98},"6":{"name":"(anonymous_6)","decl":{"start":{"line":99,"column":31},"end":{"line":99,"column":32}},"loc":{"start":{"line":99,"column":37},"end":{"line":99,"column":60}},"line":99}},"branchMap":{},"s":{"0":1,"1":0,"2":0,"3":0,"4":0,"5":0,"6":0,"7":0,"8":0,"9":0,"10":0,"11":0,"12":0,"13":0,"14":0,"15":0},"f":{"0":0,"1":0,"2":0,"3":0,"4":0,"5":0,"6":0},"b":{},"_coverageSchema":"1a1c01bbd47fc00a2c39e90264f33305004495a9","hash":"0002ffa75fd26722c700aa280b23f067aae3bdec"}
,"C:\\Users\\cheth\\OneDrive\\Desktop\\Finance\\Transactions\\src\\components\\AddTransaction.tsx": {"path":"C:\\Users\\cheth\\OneDrive\\Desktop\\Finance\\Transactions\\src\\components\\AddTransaction.tsx","statementMap":{"0":{"start":{"line":11,"column":54},"end":{"line":128,"column":1}},"1":{"start":{"line":12,"column":26},"end":{"line":12,"column":38}},"2":{"start":{"line":13,"column":40},"end":{"line":13,"column":52}},"3":{"start":{"line":14,"column":30},"end":{"line":14,"column":42}},"4":{"start":{"line":15,"column":34},"end":{"line":15,"column":46}},"5":{"start":{"line":16,"column":28},"end":{"line":16,"column":40}},"6":{"start":{"line":17,"column":32},"end":{"line":17,"column":44}},"7":{"start":{"line":18,"column":32},"end":{"line":18,"column":47}},"8":{"start":{"line":19,"column":16},"end":{"line":19,"column":54}},"9":{"start":{"line":20,"column":23},"end":{"line":66,"column":3}},"10":{"start":{"line":21,"column":4},"end":{"line":21,"column":23}},"11":{"start":{"line":22,"column":4},"end":{"line":22,"column":17}},"12":{"start":{"line":23,"column":4},"end":{"line":23,"column":19}},"13":{"start":{"line":24,"column":4},"end":{"line":24,"column":21}},"14":{"start":{"line":25,"column":4},"end":{"line":29,"column":5}},"15":{"start":{"line":26,"column":6},"end":{"line":26,"column":42}},"16":{"start":{"line":27,"column":6},"end":{"line":27,"column":24}},"17":{"start":{"line":28,"column":6},"end":{"line":28,"column":13}},"18":{"start":{"line":30,"column":4},"end":{"line":34,"column":5}},"19":{"start":{"line":31,"column":6},"end":{"line":31,"column":51}},"20":{"start":{"line":32,"column":6},"end":{"line":32,"column":24}},"21":{"start":{"line":33,"column":6},"end":{"line":33,"column":13}},"22":{"start":{"line":35,"column":4},"end":{"line":39,"column":5}},"23":{"start":{"line":36,"column":6},"end":{"line":36,"column":57}},"24":{"start":{"line":37,"column":6},"end":{"line":37,"column":24}},"25":{"start":{"line":38,"column":6},"end":{"line":38,"column":13}},"26":{"start":{"line":40,"column":4},"end":{"line":65,"column":5}},"27":{"start":{"line":41,"column":6},"end":{"line":46,"column":9}},"28":{"start":{"line":47,"column":6},"end":{"line":47,"column":51}},"29":{"start":{"line":48,"column":6},"end":{"line":48,"column":14}},"30":{"start":{"line":49,"column":6},"end":{"line":52,"column":15}},"31":{"start":{"line":50,"column":8},"end":{"line":50,"column":26}},"32":{"start":{"line":51,"column":8},"end":{"line":51,"column":18}},"33":{"start":{"line":54,"column":6},"end":{"line":62,"column":7}},"34":{"start":{"line":55,"column":8},"end":{"line":59,"column":9}},"35":{"start":{"line":56,"column":10},"end":{"line":56,"column":49}},"36":{"start":{"line":58,"column":10},"end":{"line":58,"column":47}},"37":{"start":{"line":61,"column":8},"end":{"line":61,"column":43}},"38":{"start":{"line":64,"column":6},"end":{"line":64,"column":24}},"39":{"start":{"line":68,"column":2},"end":{"line":127,"column":4}},"40":{"start":{"line":81,"column":31},"end":{"line":81,"column":54}},"41":{"start":{"line":95,"column":33},"end":{"line":95,"column":63}},"42":{"start":{"line":103,"column":33},"end":{"line":103,"column":58}},"43":{"start":{"line":111,"column":31},"end":{"line":111,"column":58}}},"fnMap":{"0":{"name":"(anonymous_0)","decl":{"start":{"line":11,"column":54},"end":{"line":11,"column":55}},"loc":{"start":{"line":11,"column":78},"end":{"line":128,"column":1}},"line":11},"1":{"name":"(anonymous_1)","decl":{"start":{"line":20,"column":23},"end":{"line":20,"column":24}},"loc":{"start":{"line":20,"column":53},"end":{"line":66,"column":3}},"line":20},"2":{"name":"(anonymous_2)","decl":{"start":{"line":49,"column":17},"end":{"line":49,"column":18}},"loc":{"start":{"line":49,"column":23},"end":{"line":52,"column":7}},"line":49},"3":{"name":"(anonymous_3)","decl":{"start":{"line":81,"column":24},"end":{"line":81,"column":25}},"loc":{"start":{"line":81,"column":31},"end":{"line":81,"column":54}},"line":81},"4":{"name":"(anonymous_4)","decl":{"start":{"line":95,"column":26},"end":{"line":95,"column":27}},"loc":{"start":{"line":95,"column":33},"end":{"line":95,"column":63}},"line":95},"5":{"name":"(anonymous_5)","decl":{"start":{"line":103,"column":26},"end":{"line":103,"column":27}},"loc":{"start":{"line":103,"column":33},"end":{"line":103,"column":58}},"line":103},"6":{"name":"(anonymous_6)","decl":{"start":{"line":111,"column":24},"end":{"line":111,"column":25}},"loc":{"start":{"line":111,"column":31},"end":{"line":111,"column":58}},"line":111}},"branchMap":{"0":{"loc":{"start":{"line":25,"column":4},"end":{"line":29,"column":5}},"type":"if","locations":[{"start":{"line":25,"column":4},"end":{"line":29,"column":5}},{"start":{},"end":{}}],"line":25},"1":{"loc":{"start":{"line":25,"column":8},"end":{"line":25,"column":53}},"type":"binary-expr","locations":[{"start":{"line":25,"column":8},"end":{"line":25,"column":13}},{"start":{"line":25,"column":17},"end":{"line":25,"column":29}},{"start":{"line":25,"column":33},"end":{"line":25,"column":40}},{"start":{"line":25,"column":44},"end":{"line":25,"column":53}}],"line":25},"2":{"loc":{"start":{"line":30,"column":4},"end":{"line":34,"column":5}},"type":"if","locations":[{"start":{"line":30,"column":4},"end":{"line":34,"column":5}},{"start":{},"end":{}}],"line":30},"3":{"loc":{"start":{"line":35,"column":4},"end":{"line":39,"column":5}},"type":"if","locations":[{"start":{"line":35,"column":4},"end":{"line":39,"column":5}},{"start":{},"end":{}}],"line":35},"4":{"loc":{"start":{"line":54,"column":6},"end":{"line":62,"column":7}},"type":"if","locations":[{"start":{"line":54,"column":6},"end":{"line":62,"column":7}},{"start":{"line":60,"column":13},"end":{"line":62,"column":7}}],"line":54},"5":{"loc":{"start":{"line":55,"column":8},"end":{"line":59,"column":9}},"type":"if","locations":[{"start":{"line":55,"column":8},"end":{"line":59,"column":9}},{"start":{"line":57,"column":15},"end":{"line":59,"column":9}}],"line":55},"6":{"loc":{"start":{"line":55,"column":12},"end":{"line":55,"column":107}},"type":"binary-expr","locations":[{"start":{"line":55,"column":12},"end":{"line":55,"column":24}},{"start":{"line":55,"column":28},"end":{"line":55,"column":45}},{"start":{"line":55,"column":49},"end":{"line":55,"column":107}}],"line":55},"7":{"loc":{"start":{"line":72,"column":9},"end":{"line":72,"column":40}},"type":"binary-expr","locations":[{"start":{"line":72,"column":9},"end":{"line":72,"column":16}},{"start":{"line":72,"column":20},"end":{"line":72,"column":40}}],"line":72},"8":{"loc":{"start":{"line":73,"column":9},"end":{"line":73,"column":57}},"type":"binary-expr","locations":[{"start":{"line":73,"column":9},"end":{"line":73,"column":14}},{"start":{"line":73,"column":18},"end":{"line":73,"column":57}}],"line":73},"9":{"loc":{"start":{"line":74,"column":9},"end":{"line":74,"column":63}},"type":"binary-expr","locations":[{"start":{"line":74,"column":9},"end":{"line":74,"column":16}},{"start":{"line":74,"column":20},"end":{"line":74,"column":63}}],"line":74},"10":{"loc":{"start":{"line":75,"column":9},"end":{"line":124,"column":9}},"type":"binary-expr","locations":[{"start":{"line":75,"column":9},"end":{"line":75,"column":17}},{"start":{"line":75,"column":21},"end":{"line":75,"column":29}},{"start":{"line":76,"column":10},"end":{"line":123,"column":17}}],"line":75}},"s":{"0":1,"1":30,"2":30,"3":30,"4":30,"5":30,"6":30,"7":30,"8":30,"9":30,"10":5,"11":5,"12":5,"13":5,"14":5,"15":1,"16":1,"17":1,"18":4,"19":1,"20":1,"21":1,"22":3,"23":1,"24":1,"25":1,"26":2,"27":2,"28":1,"29":1,"30":1,"31":1,"32":1,"33":1,"34":0,"35":0,"36":0,"37":1,"38":2,"39":30,"40":4,"41":4,"42":4,"43":4},"f":{"0":30,"1":5,"2":1,"3":4,"4":4,"5":4,"6":4},"b":{"0":[1,4],"1":[5,4,4,4],"2":[1,3],"3":[1,2],"4":[0,1],"5":[0,0],"6":[0,0,0],"7":[30,2],"8":[30,4],"9":[30,1],"10":[30,28,27]},"_coverageSchema":"1a1c01bbd47fc00a2c39e90264f33305004495a9","hash":"f24fec01498c69c03617fd40c01aafd19faa3997"}
,"C:\\Users\\cheth\\OneDrive\\Desktop\\Finance\\Transactions\\src\\components\\UploadCSV.tsx": {"path":"C:\\Users\\cheth\\OneDrive\\Desktop\\Finance\\Transactions\\src\\components\\UploadCSV.tsx","statementMap":{"0":{"start":{"line":15,"column":44},"end":{"line":103,"column":1}},"1":{"start":{"line":16,"column":26},"end":{"line":16,"column":53}},"2":{"start":{"line":17,"column":28},"end":{"line":17,"column":40}},"3":{"start":{"line":18,"column":32},"end":{"line":18,"column":47}},"4":{"start":{"line":20,"column":27},"end":{"line":24,"column":3}},"5":{"start":{"line":21,"column":4},"end":{"line":23,"column":5}},"6":{"start":{"line":22,"column":6},"end":{"line":22,"column":33}},"7":{"start":{"line":26,"column":23},"end":{"line":63,"column":3}},"8":{"start":{"line":27,"column":4},"end":{"line":27,"column":23}},"9":{"start":{"line":28,"column":4},"end":{"line":28,"column":17}},"10":{"start":{"line":29,"column":4},"end":{"line":29,"column":21}},"11":{"start":{"line":31,"column":22},"end":{"line":31,"column":40}},"12":{"start":{"line":32,"column":4},"end":{"line":37,"column":5}},"13":{"start":{"line":33,"column":6},"end":{"line":33,"column":26}},"14":{"start":{"line":34,"column":6},"end":{"line":34,"column":24}},"15":{"start":{"line":35,"column":6},"end":{"line":35,"column":50}},"16":{"start":{"line":36,"column":6},"end":{"line":36,"column":13}},"17":{"start":{"line":39,"column":4},"end":{"line":62,"column":5}},"18":{"start":{"line":40,"column":30},"end":{"line":40,"column":52}},"19":{"start":{"line":41,"column":6},"end":{"line":41,"column":24}},"20":{"start":{"line":42,"column":6},"end":{"line":56,"column":7}},"21":{"start":{"line":43,"column":8},"end":{"line":43,"column":24}},"22":{"start":{"line":44,"column":8},"end":{"line":44,"column":48}},"23":{"start":{"line":46,"column":8},"end":{"line":46,"column":19}},"24":{"start":{"line":47,"column":8},"end":{"line":52,"column":9}},"25":{"start":{"line":48,"column":10},"end":{"line":48,"column":56}},"26":{"start":{"line":49,"column":10},"end":{"line":49,"column":48}},"27":{"start":{"line":51,"column":10},"end":{"line":51,"column":80}},"28":{"start":{"line":53,"column":8},"end":{"line":55,"column":17}},"29":{"start":{"line":54,"column":10},"end":{"line":54,"column":20}},"30":{"start":{"line":58,"column":6},"end":{"line":58,"column":29}},"31":{"start":{"line":59,"column":6},"end":{"line":59,"column":41}},"32":{"start":{"line":60,"column":6},"end":{"line":60,"column":24}},"33":{"start":{"line":61,"column":6},"end":{"line":61,"column":65}},"34":{"start":{"line":65,"column":30},"end":{"line":74,"column":3}},"35":{"start":{"line":66,"column":17},"end":{"line":66,"column":95}},"36":{"start":{"line":67,"column":16},"end":{"line":67,"column":48}},"37":{"start":{"line":68,"column":14},"end":{"line":68,"column":41}},"38":{"start":{"line":69,"column":4},"end":{"line":69,"column":17}},"39":{"start":{"line":70,"column":4},"end":{"line":70,"column":37}},"40":{"start":{"line":71,"column":4},"end":{"line":71,"column":33}},"41":{"start":{"line":72,"column":4},"end":{"line":72,"column":14}},"42":{"start":{"line":73,"column":4},"end":{"line":73,"column":15}},"43":{"start":{"line":76,"column":2},"end":{"line":102,"column":4}}},"fnMap":{"0":{"name":"(anonymous_0)","decl":{"start":{"line":15,"column":44},"end":{"line":15,"column":45}},"loc":{"start":{"line":15,"column":71},"end":{"line":103,"column":1}},"line":15},"1":{"name":"(anonymous_1)","decl":{"start":{"line":20,"column":27},"end":{"line":20,"column":28}},"loc":{"start":{"line":20,"column":71},"end":{"line":24,"column":3}},"line":20},"2":{"name":"(anonymous_2)","decl":{"start":{"line":26,"column":23},"end":{"line":26,"column":24}},"loc":{"start":{"line":26,"column":53},"end":{"line":63,"column":3}},"line":26},"3":{"name":"(anonymous_3)","decl":{"start":{"line":53,"column":19},"end":{"line":53,"column":20}},"loc":{"start":{"line":53,"column":25},"end":{"line":55,"column":9}},"line":53},"4":{"name":"(anonymous_4)","decl":{"start":{"line":65,"column":30},"end":{"line":65,"column":31}},"loc":{"start":{"line":65,"column":54},"end":{"line":74,"column":3}},"line":65}},"branchMap":{"0":{"loc":{"start":{"line":21,"column":4},"end":{"line":23,"column":5}},"type":"if","locations":[{"start":{"line":21,"column":4},"end":{"line":23,"column":5}},{"start":{},"end":{}}],"line":21},"1":{"loc":{"start":{"line":21,"column":8},"end":{"line":21,"column":43}},"type":"binary-expr","locations":[{"start":{"line":21,"column":8},"end":{"line":21,"column":22}},{"start":{"line":21,"column":26},"end":{"line":21,"column":43}}],"line":21},"2":{"loc":{"start":{"line":32,"column":4},"end":{"line":37,"column":5}},"type":"if","locations":[{"start":{"line":32,"column":4},"end":{"line":37,"column":5}},{"start":{},"end":{}}],"line":32},"3":{"loc":{"start":{"line":42,"column":6},"end":{"line":56,"column":7}},"type":"if","locations":[{"start":{"line":42,"column":6},"end":{"line":56,"column":7}},{"start":{"line":45,"column":13},"end":{"line":56,"column":7}}],"line":42},"4":{"loc":{"start":{"line":47,"column":8},"end":{"line":52,"column":9}},"type":"if","locations":[{"start":{"line":47,"column":8},"end":{"line":52,"column":9}},{"start":{"line":50,"column":15},"end":{"line":52,"column":9}}],"line":47},"5":{"loc":{"start":{"line":81,"column":11},"end":{"line":81,"column":42}},"type":"binary-expr","locations":[{"start":{"line":81,"column":11},"end":{"line":81,"column":18}},{"start":{"line":81,"column":22},"end":{"line":81,"column":42}}],"line":81},"6":{"loc":{"start":{"line":82,"column":11},"end":{"line":82,"column":59}},"type":"binary-expr","locations":[{"start":{"line":82,"column":11},"end":{"line":82,"column":16}},{"start":{"line":82,"column":20},"end":{"line":82,"column":59}}],"line":82},"7":{"loc":{"start":{"line":83,"column":11},"end":{"line":97,"column":11}},"type":"binary-expr","locations":[{"start":{"line":83,"column":11},"end":{"line":83,"column":19}},{"start":{"line":84,"column":12},"end":{"line":96,"column":19}}],"line":83}},"s":{"0":1,"1":10,"2":10,"3":10,"4":10,"5":3,"6":3,"7":10,"8":2,"9":2,"10":2,"11":2,"12":2,"13":1,"14":1,"15":1,"16":1,"17":1,"18":1,"19":1,"20":1,"21":1,"22":1,"23":0,"24":0,"25":0,"26":0,"27":0,"28":0,"29":0,"30":0,"31":0,"32":0,"33":0,"34":10,"35":0,"36":0,"37":0,"38":0,"39":0,"40":0,"41":0,"42":0,"43":10},"f":{"0":10,"1":3,"2":2,"3":0,"4":0},"b":{"0":[3,0],"1":[3,3],"2":[1,1],"3":[1,0],"4":[0,0],"5":[10,1],"6":[10,2],"7":[10,9]},"_coverageSchema":"1a1c01bbd47fc00a2c39e90264f33305004495a9","hash":"e50f3702823fdcc18710e07f1eacb0de8f50359d"}
,"C:\\Users\\cheth\\OneDrive\\Desktop\\Finance\\Transactions\\src\\services\\transactionService.ts": {"path":"C:\\Users\\cheth\\OneDrive\\Desktop\\Finance\\Transactions\\src\\services\\transactionService.ts","statementMap":{"0":{"start":{"line":3,"column":34},"end":{"line":6,"column":1}},"1":{"start":{"line":4,"column":19},"end":{"line":4,"column":77}},"2":{"start":{"line":5,"column":2},"end":{"line":5,"column":23}},"3":{"start":{"line":9,"column":34},"end":{"line":12,"column":1}},"4":{"start":{"line":10,"column":19},"end":{"line":10,"column":55}},"5":{"start":{"line":11,"column":2},"end":{"line":11,"column":23}},"6":{"start":{"line":15,"column":30},"end":{"line":23,"column":1}},"7":{"start":{"line":21,"column":19},"end":{"line":21,"column":63}},"8":{"start":{"line":22,"column":2},"end":{"line":22,"column":23}},"9":{"start":{"line":26,"column":33},"end":{"line":54,"column":1}},"10":{"start":{"line":35,"column":2},"end":{"line":53,"column":3}},"11":{"start":{"line":36,"column":21},"end":{"line":36,"column":77}},"12":{"start":{"line":37,"column":4},"end":{"line":37,"column":48}},"13":{"start":{"line":39,"column":33},"end":{"line":39,"column":38}},"14":{"start":{"line":40,"column":23},"end":{"line":40,"column":42}},"15":{"start":{"line":42,"column":4},"end":{"line":50,"column":5}},"16":{"start":{"line":43,"column":6},"end":{"line":43,"column":63}},"17":{"start":{"line":44,"column":11},"end":{"line":50,"column":5}},"18":{"start":{"line":45,"column":6},"end":{"line":45,"column":72}},"19":{"start":{"line":46,"column":11},"end":{"line":50,"column":5}},"20":{"start":{"line":47,"column":6},"end":{"line":47,"column":77}},"21":{"start":{"line":49,"column":6},"end":{"line":49,"column":79}},"22":{"start":{"line":52,"column":4},"end":{"line":52,"column":47}},"23":{"start":{"line":57,"column":33},"end":{"line":75,"column":1}},"24":{"start":{"line":58,"column":2},"end":{"line":74,"column":3}},"25":{"start":{"line":59,"column":21},"end":{"line":59,"column":67}},"26":{"start":{"line":60,"column":4},"end":{"line":60,"column":48}},"27":{"start":{"line":62,"column":33},"end":{"line":62,"column":38}},"28":{"start":{"line":63,"column":23},"end":{"line":63,"column":42}},"29":{"start":{"line":65,"column":4},"end":{"line":71,"column":5}},"30":{"start":{"line":66,"column":6},"end":{"line":66,"column":72}},"31":{"start":{"line":67,"column":11},"end":{"line":71,"column":5}},"32":{"start":{"line":68,"column":6},"end":{"line":68,"column":77}},"33":{"start":{"line":70,"column":6},"end":{"line":70,"column":79}},"34":{"start":{"line":73,"column":4},"end":{"line":73,"column":47}},"35":{"start":{"line":78,"column":34},"end":{"line":99,"column":1}},"36":{"start":{"line":79,"column":2},"end":{"line":98,"column":3}},"37":{"start":{"line":80,"column":21},"end":{"line":82,"column":6}},"38":{"start":{"line":83,"column":4},"end":{"line":83,"column":48}},"39":{"start":{"line":85,"column":33},"end":{"line":85,"column":38}},"40":{"start":{"line":86,"column":23},"end":{"line":86,"column":42}},"41":{"start":{"line":88,"column":4},"end":{"line":95,"column":5}},"42":{"start":{"line":89,"column":6},"end":{"line":90,"column":77}},"43":{"start":{"line":91,"column":11},"end":{"line":95,"column":5}},"44":{"start":{"line":92,"column":6},"end":{"line":92,"column":78}},"45":{"start":{"line":94,"column":6},"end":{"line":94,"column":80}},"46":{"start":{"line":97,"column":4},"end":{"line":97,"column":47}},"47":{"start":{"line":103,"column":25},"end":{"line":135,"column":1}},"48":{"start":{"line":104,"column":19},"end":{"line":104,"column":33}},"49":{"start":{"line":105,"column":2},"end":{"line":105,"column":32}},"50":{"start":{"line":107,"column":2},"end":{"line":134,"column":3}},"51":{"start":{"line":108,"column":21},"end":{"line":112,"column":6}},"52":{"start":{"line":114,"column":17},"end":{"line":114,"column":30}},"53":{"start":{"line":116,"column":4},"end":{"line":118,"column":5}},"54":{"start":{"line":117,"column":6},"end":{"line":117,"column":49}},"55":{"start":{"line":120,"column":4},"end":{"line":120,"column":33}},"56":{"start":{"line":122,"column":33},"end":{"line":122,"column":38}},"57":{"start":{"line":123,"column":23},"end":{"line":123,"column":42}},"58":{"start":{"line":125,"column":4},"end":{"line":131,"column":5}},"59":{"start":{"line":126,"column":6},"end":{"line":126,"column":63}},"60":{"start":{"line":127,"column":11},"end":{"line":131,"column":5}},"61":{"start":{"line":128,"column":6},"end":{"line":128,"column":76}},"62":{"start":{"line":130,"column":6},"end":{"line":130,"column":72}},"63":{"start":{"line":133,"column":4},"end":{"line":133,"column":47}}},"fnMap":{"0":{"name":"(anonymous_0)","decl":{"start":{"line":3,"column":34},"end":{"line":3,"column":35}},"loc":{"start":{"line":3,"column":73},"end":{"line":6,"column":1}},"line":3},"1":{"name":"(anonymous_1)","decl":{"start":{"line":9,"column":34},"end":{"line":9,"column":35}},"loc":{"start":{"line":9,"column":56},"end":{"line":12,"column":1}},"line":9},"2":{"name":"(anonymous_2)","decl":{"start":{"line":15,"column":30},"end":{"line":15,"column":31}},"loc":{"start":{"line":20,"column":6},"end":{"line":23,"column":1}},"line":20},"3":{"name":"(anonymous_3)","decl":{"start":{"line":26,"column":33},"end":{"line":26,"column":34}},"loc":{"start":{"line":34,"column":5},"end":{"line":54,"column":1}},"line":34},"4":{"name":"(anonymous_4)","decl":{"start":{"line":57,"column":33},"end":{"line":57,"column":34}},"loc":{"start":{"line":57,"column":55},"end":{"line":75,"column":1}},"line":57},"5":{"name":"(anonymous_5)","decl":{"start":{"line":78,"column":34},"end":{"line":78,"column":35}},"loc":{"start":{"line":78,"column":59},"end":{"line":99,"column":1}},"line":78},"6":{"name":"(anonymous_6)","decl":{"start":{"line":103,"column":25},"end":{"line":103,"column":26}},"loc":{"start":{"line":103,"column":47},"end":{"line":135,"column":1}},"line":103}},"branchMap":{"0":{"loc":{"start":{"line":42,"column":4},"end":{"line":50,"column":5}},"type":"if","locations":[{"start":{"line":42,"column":4},"end":{"line":50,"column":5}},{"start":{"line":44,"column":11},"end":{"line":50,"column":5}}],"line":42},"1":{"loc":{"start":{"line":43,"column":21},"end":{"line":43,"column":62}},"type":"binary-expr","locations":[{"start":{"line":43,"column":21},"end":{"line":43,"column":44}},{"start":{"line":43,"column":48},"end":{"line":43,"column":62}}],"line":43},"2":{"loc":{"start":{"line":44,"column":11},"end":{"line":50,"column":5}},"type":"if","locations":[{"start":{"line":44,"column":11},"end":{"line":50,"column":5}},{"start":{"line":46,"column":11},"end":{"line":50,"column":5}}],"line":44},"3":{"loc":{"start":{"line":45,"column":21},"end":{"line":45,"column":71}},"type":"binary-expr","locations":[{"start":{"line":45,"column":21},"end":{"line":45,"column":44}},{"start":{"line":45,"column":48},"end":{"line":45,"column":71}}],"line":45},"4":{"loc":{"start":{"line":46,"column":11},"end":{"line":50,"column":5}},"type":"if","locations":[{"start":{"line":46,"column":11},"end":{"line":50,"column":5}},{"start":{"line":48,"column":11},"end":{"line":50,"column":5}}],"line":46},"5":{"loc":{"start":{"line":47,"column":21},"end":{"line":47,"column":76}},"type":"binary-expr","locations":[{"start":{"line":47,"column":21},"end":{"line":47,"column":44}},{"start":{"line":47,"column":48},"end":{"line":47,"column":76}}],"line":47},"6":{"loc":{"start":{"line":49,"column":21},"end":{"line":49,"column":78}},"type":"binary-expr","locations":[{"start":{"line":49,"column":21},"end":{"line":49,"column":44}},{"start":{"line":49,"column":48},"end":{"line":49,"column":78}}],"line":49},"7":{"loc":{"start":{"line":65,"column":4},"end":{"line":71,"column":5}},"type":"if","locations":[{"start":{"line":65,"column":4},"end":{"line":71,"column":5}},{"start":{"line":67,"column":11},"end":{"line":71,"column":5}}],"line":65},"8":{"loc":{"start":{"line":66,"column":21},"end":{"line":66,"column":71}},"type":"binary-expr","locations":[{"start":{"line":66,"column":21},"end":{"line":66,"column":44}},{"start":{"line":66,"column":48},"end":{"line":66,"column":71}}],"line":66},"9":{"loc":{"start":{"line":67,"column":11},"end":{"line":71,"column":5}},"type":"if","locations":[{"start":{"line":67,"column":11},"end":{"line":71,"column":5}},{"start":{"line":69,"column":11},"end":{"line":71,"column":5}}],"line":67},"10":{"loc":{"start":{"line":68,"column":21},"end":{"line":68,"column":76}},"type":"binary-expr","locations":[{"start":{"line":68,"column":21},"end":{"line":68,"column":44}},{"start":{"line":68,"column":48},"end":{"line":68,"column":76}}],"line":68},"11":{"loc":{"start":{"line":70,"column":21},"end":{"line":70,"column":78}},"type":"binary-expr","locations":[{"start":{"line":70,"column":21},"end":{"line":70,"column":44}},{"start":{"line":70,"column":48},"end":{"line":70,"column":78}}],"line":70},"12":{"loc":{"start":{"line":88,"column":4},"end":{"line":95,"column":5}},"type":"if","locations":[{"start":{"line":88,"column":4},"end":{"line":95,"column":5}},{"start":{"line":91,"column":11},"end":{"line":95,"column":5}}],"line":88},"13":{"loc":{"start":{"line":90,"column":8},"end":{"line":90,"column":76}},"type":"binary-expr","locations":[{"start":{"line":90,"column":8},"end":{"line":90,"column":31}},{"start":{"line":90,"column":35},"end":{"line":90,"column":76}}],"line":90},"14":{"loc":{"start":{"line":91,"column":11},"end":{"line":95,"column":5}},"type":"if","locations":[{"start":{"line":91,"column":11},"end":{"line":95,"column":5}},{"start":{"line":93,"column":11},"end":{"line":95,"column":5}}],"line":91},"15":{"loc":{"start":{"line":92,"column":21},"end":{"line":92,"column":77}},"type":"binary-expr","locations":[{"start":{"line":92,"column":21},"end":{"line":92,"column":44}},{"start":{"line":92,"column":48},"end":{"line":92,"column":77}}],"line":92},"16":{"loc":{"start":{"line":94,"column":21},"end":{"line":94,"column":79}},"type":"binary-expr","locations":[{"start":{"line":94,"column":21},"end":{"line":94,"column":44}},{"start":{"line":94,"column":48},"end":{"line":94,"column":79}}],"line":94},"17":{"loc":{"start":{"line":116,"column":4},"end":{"line":118,"column":5}},"type":"if","locations":[{"start":{"line":116,"column":4},"end":{"line":118,"column":5}},{"start":{},"end":{}}],"line":116},"18":{"loc":{"start":{"line":125,"column":4},"end":{"line":131,"column":5}},"type":"if","locations":[{"start":{"line":125,"column":4},"end":{"line":131,"column":5}},{"start":{"line":127,"column":11},"end":{"line":131,"column":5}}],"line":125},"19":{"loc":{"start":{"line":126,"column":21},"end":{"line":126,"column":62}},"type":"binary-expr","locations":[{"start":{"line":126,"column":21},"end":{"line":126,"column":44}},{"start":{"line":126,"column":48},"end":{"line":126,"column":62}}],"line":126},"20":{"loc":{"start":{"line":127,"column":11},"end":{"line":131,"column":5}},"type":"if","locations":[{"start":{"line":127,"column":11},"end":{"line":131,"column":5}},{"start":{"line":129,"column":11},"end":{"line":131,"column":5}}],"line":127},"21":{"loc":{"start":{"line":128,"column":21},"end":{"line":128,"column":75}},"type":"binary-expr","locations":[{"start":{"line":128,"column":21},"end":{"line":128,"column":44}},{"start":{"line":128,"column":48},"end":{"line":128,"column":75}}],"line":128},"22":{"loc":{"start":{"line":130,"column":21},"end":{"line":130,"column":71}},"type":"binary-expr","locations":[{"start":{"line":130,"column":21},"end":{"line":130,"column":44}},{"start":{"line":130,"column":48},"end":{"line":130,"column":71}}],"line":130}},"s":{"0":1,"1":1,"2":1,"3":1,"4":1,"5":1,"6":1,"7":1,"8":1,"9":1,"10":5,"11":5,"12":1,"13":4,"14":4,"15":4,"16":0,"17":4,"18":0,"19":4,"20":0,"21":4,"22":4,"23":1,"24":3,"25":3,"26":1,"27":2,"28":2,"29":2,"30":0,"31":2,"32":0,"33":2,"34":2,"35":1,"36":3,"37":3,"38":1,"39":2,"40":2,"41":2,"42":0,"43":2,"44":0,"45":2,"46":2,"47":1,"48":6,"49":6,"50":6,"51":6,"52":2,"53":2,"54":1,"55":1,"56":4,"57":4,"58":4,"59":0,"60":4,"61":0,"62":4,"63":4},"f":{"0":1,"1":1,"2":1,"3":5,"4":3,"5":3,"6":6},"b":{"0":[0,4],"1":[0,0],"2":[0,4],"3":[0,0],"4":[0,4],"5":[0,0],"6":[4,1],"7":[0,2],"8":[0,0],"9":[0,2],"10":[0,0],"11":[2,1],"12":[0,2],"13":[0,0],"14":[0,2],"15":[0,0],"16":[2,1],"17":[1,1],"18":[0,4],"19":[0,0],"20":[0,4],"21":[0,0],"22":[4,2]},"_coverageSchema":"1a1c01bbd47fc00a2c39e90264f33305004495a9","hash":"8850bbd1da720b82ccd8d2fa90ec7b82a8468b05"}
,"C:\\Users\\cheth\\OneDrive\\Desktop\\Finance\\Transactions\\src\\utils\\api.ts": {"path":"C:\\Users\\cheth\\OneDrive\\Desktop\\Finance\\Transactions\\src\\utils\\api.ts","statementMap":{"0":{"start":{"line":2,"column":12},"end":{"line":7,"column":2}}},"fnMap":{},"branchMap":{},"s":{"0":2},"f":{},"b":{},"_coverageSchema":"1a1c01bbd47fc00a2c39e90264f33305004495a9","hash":"630dc69821da1bba851ffda3df73860b8c0c51f3"}
,"C:\\Users\\cheth\\OneDrive\\Desktop\\Finance\\Transactions\\src\\utils\\validations.ts": {"path":"C:\\Users\\cheth\\OneDrive\\Desktop\\Finance\\Transactions\\src\\utils\\validations.ts","statementMap":{"0":{"start":{"line":2,"column":28},"end":{"line":21,"column":1}},"1":{"start":{"line":3,"column":2},"end":{"line":5,"column":3}},"2":{"start":{"line":4,"column":4},"end":{"line":4,"column":44}},"3":{"start":{"line":7,"column":2},"end":{"line":9,"column":3}},"4":{"start":{"line":8,"column":4},"end":{"line":8,"column":49}},"5":{"start":{"line":11,"column":2},"end":{"line":13,"column":3}},"6":{"start":{"line":12,"column":4},"end":{"line":12,"column":48}},"7":{"start":{"line":15,"column":21},"end":{"line":15,"column":33}},"8":{"start":{"line":16,"column":2},"end":{"line":18,"column":3}},"9":{"start":{"line":17,"column":4},"end":{"line":17,"column":40}},"10":{"start":{"line":20,"column":2},"end":{"line":20,"column":12}}},"fnMap":{"0":{"name":"(anonymous_0)","decl":{"start":{"line":2,"column":28},"end":{"line":2,"column":29}},"loc":{"start":{"line":2,"column":59},"end":{"line":21,"column":1}},"line":2}},"branchMap":{"0":{"loc":{"start":{"line":3,"column":2},"end":{"line":5,"column":3}},"type":"if","locations":[{"start":{"line":3,"column":2},"end":{"line":5,"column":3}},{"start":{},"end":{}}],"line":3},"1":{"loc":{"start":{"line":7,"column":2},"end":{"line":9,"column":3}},"type":"if","locations":[{"start":{"line":7,"column":2},"end":{"line":9,"column":3}},{"start":{},"end":{}}],"line":7},"2":{"loc":{"start":{"line":11,"column":2},"end":{"line":13,"column":3}},"type":"if","locations":[{"start":{"line":11,"column":2},"end":{"line":13,"column":3}},{"start":{},"end":{}}],"line":11},"3":{"loc":{"start":{"line":16,"column":2},"end":{"line":18,"column":3}},"type":"if","locations":[{"start":{"line":16,"column":2},"end":{"line":18,"column":3}},{"start":{},"end":{}}],"line":16}},"s":{"0":1,"1":5,"2":1,"3":4,"4":1,"5":3,"6":1,"7":2,"8":2,"9":1,"10":1},"f":{"0":5},"b":{"0":[1,4],"1":[1,3],"2":[1,2],"3":[1,1]},"_coverageSchema":"1a1c01bbd47fc00a2c39e90264f33305004495a9","hash":"ef3a148929d367b3dce48c7d5c665ee08466785c"}
}
