TN:
SF:src\App.tsx
FN:82,(anonymous_0)
FN:87,(anonymous_1)
FN:88,(anonymous_2)
FN:95,(anonymous_3)
FN:96,(anonymous_4)
FN:98,(anonymous_5)
FN:99,(anonymous_6)
FNF:7
FNH:0
FNDA:0,(anonymous_0)
FNDA:0,(anonymous_1)
FNDA:0,(anonymous_2)
FNDA:0,(anonymous_3)
FNDA:0,(anonymous_4)
FNDA:0,(anonymous_5)
FNDA:0,(anonymous_6)
DA:82,1
DA:83,0
DA:84,0
DA:85,0
DA:87,0
DA:88,0
DA:95,0
DA:96,0
DA:98,0
DA:99,0
DA:101,0
LF:11
LH:1
BRF:0
BRH:0
end_of_record
TN:
SF:src\components\AddTransaction.tsx
FN:11,(anonymous_0)
FN:20,(anonymous_1)
FN:49,(anonymous_2)
FN:81,(anonymous_3)
FN:95,(anonymous_4)
FN:103,(anonymous_5)
FN:111,(anonymous_6)
FNF:7
FNH:7
FNDA:30,(anonymous_0)
FNDA:5,(anonymous_1)
FNDA:1,(anonymous_2)
FNDA:4,(anonymous_3)
FNDA:4,(anonymous_4)
FNDA:4,(anonymous_5)
FNDA:4,(anonymous_6)
DA:11,1
DA:12,30
DA:13,30
DA:14,30
DA:15,30
DA:16,30
DA:17,30
DA:18,30
DA:19,30
DA:20,30
DA:21,5
DA:22,5
DA:23,5
DA:24,5
DA:25,5
DA:26,1
DA:27,1
DA:28,1
DA:30,4
DA:31,1
DA:32,1
DA:33,1
DA:35,3
DA:36,1
DA:37,1
DA:38,1
DA:40,2
DA:41,2
DA:47,1
DA:48,1
DA:49,1
DA:50,1
DA:51,1
DA:54,1
DA:55,0
DA:56,0
DA:58,0
DA:61,1
DA:64,2
DA:68,30
DA:81,4
DA:95,4
DA:103,4
DA:111,4
LF:44
LH:41
BRDA:25,0,0,1
BRDA:25,0,1,4
BRDA:25,1,0,5
BRDA:25,1,1,4
BRDA:25,1,2,4
BRDA:25,1,3,4
BRDA:30,2,0,1
BRDA:30,2,1,3
BRDA:35,3,0,1
BRDA:35,3,1,2
BRDA:54,4,0,0
BRDA:54,4,1,1
BRDA:55,5,0,0
BRDA:55,5,1,0
BRDA:55,6,0,0
BRDA:55,6,1,0
BRDA:55,6,2,0
BRDA:72,7,0,30
BRDA:72,7,1,2
BRDA:73,8,0,30
BRDA:73,8,1,4
BRDA:74,9,0,30
BRDA:74,9,1,1
BRDA:75,10,0,30
BRDA:75,10,1,28
BRDA:75,10,2,27
BRF:26
BRH:20
end_of_record
TN:
SF:src\components\UploadCSV.tsx
FN:15,(anonymous_0)
FN:20,(anonymous_1)
FN:26,(anonymous_2)
FN:53,(anonymous_3)
FN:65,(anonymous_4)
FNF:5
FNH:3
FNDA:10,(anonymous_0)
FNDA:3,(anonymous_1)
FNDA:2,(anonymous_2)
FNDA:0,(anonymous_3)
FNDA:0,(anonymous_4)
DA:15,1
DA:16,10
DA:17,10
DA:18,10
DA:20,10
DA:21,3
DA:22,3
DA:26,10
DA:27,2
DA:28,2
DA:29,2
DA:31,2
DA:32,2
DA:33,1
DA:34,1
DA:35,1
DA:36,1
DA:39,1
DA:40,1
DA:41,1
DA:42,1
DA:43,1
DA:44,1
DA:46,0
DA:47,0
DA:48,0
DA:49,0
DA:51,0
DA:53,0
DA:54,0
DA:58,0
DA:59,0
DA:60,0
DA:61,0
DA:65,10
DA:66,0
DA:67,0
DA:68,0
DA:69,0
DA:70,0
DA:71,0
DA:72,0
DA:73,0
DA:76,10
LF:44
LH:25
BRDA:21,0,0,3
BRDA:21,0,1,0
BRDA:21,1,0,3
BRDA:21,1,1,3
BRDA:32,2,0,1
BRDA:32,2,1,1
BRDA:42,3,0,1
BRDA:42,3,1,0
BRDA:47,4,0,0
BRDA:47,4,1,0
BRDA:81,5,0,10
BRDA:81,5,1,1
BRDA:82,6,0,10
BRDA:82,6,1,2
BRDA:83,7,0,10
BRDA:83,7,1,9
BRF:16
BRH:12
end_of_record
TN:
SF:src\services\transactionService.ts
FN:3,(anonymous_0)
FN:9,(anonymous_1)
FN:15,(anonymous_2)
FN:26,(anonymous_3)
FN:57,(anonymous_4)
FN:78,(anonymous_5)
FN:103,(anonymous_6)
FNF:7
FNH:7
FNDA:1,(anonymous_0)
FNDA:1,(anonymous_1)
FNDA:1,(anonymous_2)
FNDA:5,(anonymous_3)
FNDA:3,(anonymous_4)
FNDA:3,(anonymous_5)
FNDA:6,(anonymous_6)
DA:3,1
DA:4,1
DA:5,1
DA:9,1
DA:10,1
DA:11,1
DA:15,1
DA:21,1
DA:22,1
DA:26,1
DA:35,5
DA:36,5
DA:37,1
DA:39,4
DA:40,4
DA:42,4
DA:43,0
DA:44,4
DA:45,0
DA:46,4
DA:47,0
DA:49,4
DA:52,4
DA:57,1
DA:58,3
DA:59,3
DA:60,1
DA:62,2
DA:63,2
DA:65,2
DA:66,0
DA:67,2
DA:68,0
DA:70,2
DA:73,2
DA:78,1
DA:79,3
DA:80,3
DA:83,1
DA:85,2
DA:86,2
DA:88,2
DA:89,0
DA:91,2
DA:92,0
DA:94,2
DA:97,2
DA:103,1
DA:104,6
DA:105,6
DA:107,6
DA:108,6
DA:114,2
DA:116,2
DA:117,1
DA:120,1
DA:122,4
DA:123,4
DA:125,4
DA:126,0
DA:127,4
DA:128,0
DA:130,4
DA:133,4
LF:64
LH:55
BRDA:42,0,0,0
BRDA:42,0,1,4
BRDA:43,1,0,0
BRDA:43,1,1,0
BRDA:44,2,0,0
BRDA:44,2,1,4
BRDA:45,3,0,0
BRDA:45,3,1,0
BRDA:46,4,0,0
BRDA:46,4,1,4
BRDA:47,5,0,0
BRDA:47,5,1,0
BRDA:49,6,0,4
BRDA:49,6,1,1
BRDA:65,7,0,0
BRDA:65,7,1,2
BRDA:66,8,0,0
BRDA:66,8,1,0
BRDA:67,9,0,0
BRDA:67,9,1,2
BRDA:68,10,0,0
BRDA:68,10,1,0
BRDA:70,11,0,2
BRDA:70,11,1,1
BRDA:88,12,0,0
BRDA:88,12,1,2
BRDA:90,13,0,0
BRDA:90,13,1,0
BRDA:91,14,0,0
BRDA:91,14,1,2
BRDA:92,15,0,0
BRDA:92,15,1,0
BRDA:94,16,0,2
BRDA:94,16,1,1
BRDA:116,17,0,1
BRDA:116,17,1,1
BRDA:125,18,0,0
BRDA:125,18,1,4
BRDA:126,19,0,0
BRDA:126,19,1,0
BRDA:127,20,0,0
BRDA:127,20,1,4
BRDA:128,21,0,0
BRDA:128,21,1,0
BRDA:130,22,0,4
BRDA:130,22,1,2
BRF:46
BRH:19
end_of_record
TN:
SF:src\utils\api.ts
FNF:0
FNH:0
DA:2,2
LF:1
LH:1
BRF:0
BRH:0
end_of_record
TN:
SF:src\utils\validations.ts
FN:2,(anonymous_0)
FNF:1
FNH:1
FNDA:5,(anonymous_0)
DA:2,1
DA:3,5
DA:4,1
DA:7,4
DA:8,1
DA:11,3
DA:12,1
DA:15,2
DA:16,2
DA:17,1
DA:20,1
LF:11
LH:11
BRDA:3,0,0,1
BRDA:3,0,1,4
BRDA:7,1,0,1
BRDA:7,1,1,3
BRDA:11,2,0,1
BRDA:11,2,1,2
BRDA:16,3,0,1
BRDA:16,3,1,1
BRF:8
BRH:8
end_of_record
