TN:
SF:src\App.tsx
FN:10,(anonymous_0)
FN:15,(anonymous_1)
FN:16,(anonymous_2)
FN:18,(anonymous_3)
FN:19,(anonymous_4)
FN:20,(anonymous_5)
FN:21,(anonymous_6)
FNF:7
FNH:5
FNDA:11,(anonymous_0)
FNDA:0,(anonymous_1)
FNDA:0,(anonymous_2)
FNDA:2,(anonymous_3)
FNDA:1,(anonymous_4)
FNDA:2,(anonymous_5)
FNDA:1,(anonymous_6)
DA:10,1
DA:11,11
DA:12,11
DA:13,11
DA:15,11
DA:16,0
DA:18,11
DA:19,11
DA:20,11
DA:21,11
DA:23,11
LF:11
LH:10
BRF:0
BRH:0
end_of_record
TN:
SF:src\components\AddTransaction.tsx
FN:11,(anonymous_0)
FN:20,(anonymous_1)
FN:49,(anonymous_2)
FN:81,(anonymous_3)
FN:95,(anonymous_4)
FN:103,(anonymous_5)
FN:111,(anonymous_6)
FNF:7
FNH:7
FNDA:30,(anonymous_0)
FNDA:5,(anonymous_1)
FNDA:1,(anonymous_2)
FNDA:4,(anonymous_3)
FNDA:4,(anonymous_4)
FNDA:4,(anonymous_5)
FNDA:4,(anonymous_6)
DA:11,1
DA:12,30
DA:13,30
DA:14,30
DA:15,30
DA:16,30
DA:17,30
DA:18,30
DA:19,30
DA:20,30
DA:21,5
DA:22,5
DA:23,5
DA:24,5
DA:25,5
DA:26,1
DA:27,1
DA:28,1
DA:30,4
DA:31,1
DA:32,1
DA:33,1
DA:35,3
DA:36,1
DA:37,1
DA:38,1
DA:40,2
DA:41,2
DA:47,1
DA:48,1
DA:49,1
DA:50,1
DA:51,1
DA:54,1
DA:55,0
DA:56,0
DA:58,0
DA:61,1
DA:64,2
DA:68,30
DA:81,4
DA:95,4
DA:103,4
DA:111,4
LF:44
LH:41
BRDA:25,0,0,1
BRDA:25,0,1,4
BRDA:25,1,0,5
BRDA:25,1,1,4
BRDA:25,1,2,4
BRDA:25,1,3,4
BRDA:30,2,0,1
BRDA:30,2,1,3
BRDA:35,3,0,1
BRDA:35,3,1,2
BRDA:54,4,0,0
BRDA:54,4,1,1
BRDA:55,5,0,0
BRDA:55,5,1,0
BRDA:55,6,0,0
BRDA:55,6,1,0
BRDA:55,6,2,0
BRDA:72,7,0,30
BRDA:72,7,1,2
BRDA:73,8,0,30
BRDA:73,8,1,4
BRDA:74,9,0,30
BRDA:74,9,1,1
BRDA:75,10,0,30
BRDA:75,10,1,28
BRDA:75,10,2,27
BRF:26
BRH:20
end_of_record
TN:
SF:src\components\UploadCSV.tsx
FN:15,(anonymous_0)
FN:20,(anonymous_1)
FN:26,(anonymous_2)
FN:27,(anonymous_3)
FN:29,(anonymous_4)
FN:30,(anonymous_5)
FN:35,(anonymous_6)
FN:68,(anonymous_7)
FN:80,(anonymous_8)
FNF:9
FNH:6
FNDA:10,(anonymous_0)
FNDA:3,(anonymous_1)
FNDA:1,(anonymous_2)
FNDA:1,(anonymous_3)
FNDA:1,(anonymous_4)
FNDA:0,(anonymous_5)
FNDA:2,(anonymous_6)
FNDA:0,(anonymous_7)
FNDA:0,(anonymous_8)
DA:15,1
DA:16,10
DA:17,10
DA:18,10
DA:20,10
DA:21,3
DA:22,3
DA:26,10
DA:27,1
DA:28,1
DA:29,1
DA:30,1
DA:31,1
DA:35,10
DA:36,2
DA:37,2
DA:38,2
DA:40,2
DA:41,2
DA:42,1
DA:43,1
DA:44,1
DA:45,1
DA:47,1
DA:48,1
DA:49,1
DA:50,0
DA:51,0
DA:52,0
DA:53,0
DA:55,1
DA:56,1
DA:57,1
DA:58,1
DA:59,1
DA:61,0
DA:62,0
DA:63,0
DA:64,0
DA:66,0
DA:68,0
DA:69,0
DA:73,0
DA:74,0
DA:75,0
DA:76,0
DA:80,10
DA:81,0
DA:82,0
DA:83,0
DA:84,0
DA:85,0
DA:86,0
DA:87,0
DA:88,0
DA:91,10
LF:56
LH:33
BRDA:21,0,0,3
BRDA:21,0,1,0
BRDA:21,1,0,3
BRDA:21,1,1,3
BRDA:41,2,0,1
BRDA:41,2,1,1
BRDA:49,3,0,0
BRDA:49,3,1,1
BRDA:57,4,0,1
BRDA:57,4,1,0
BRDA:62,5,0,0
BRDA:62,5,1,0
BRDA:96,6,0,10
BRDA:96,6,1,1
BRDA:97,7,0,10
BRDA:97,7,1,2
BRDA:98,8,0,10
BRDA:98,8,1,9
BRF:18
BRH:13
end_of_record
TN:
SF:src\utils\api.ts
FNF:0
FNH:0
DA:2,2
LF:1
LH:1
BRF:0
BRH:0
end_of_record
TN:
SF:src\utils\validations.ts
FN:2,(anonymous_0)
FNF:1
FNH:1
FNDA:5,(anonymous_0)
DA:2,1
DA:3,5
DA:4,1
DA:7,4
DA:8,1
DA:11,3
DA:12,1
DA:15,2
DA:16,2
DA:17,1
DA:20,1
LF:11
LH:11
BRDA:3,0,0,1
BRDA:3,0,1,4
BRDA:7,1,0,1
BRDA:7,1,1,3
BRDA:11,2,0,1
BRDA:11,2,1,2
BRDA:16,3,0,1
BRDA:16,3,1,1
BRF:8
BRH:8
end_of_record
